<?xml version="1.0" encoding="UTF-8"?>
<!-- Generated by org.testng.reporters.JUnitXMLReporter -->
<testsuite ignored="1" hostname="LAPTOP-IKS9SD1L" failures="0" tests="24" name="manager " time="44.804" errors="0" timestamp="29 Oct 2024 02:23:53 GMT">
  <testcase classname="testcases.addCustomerTest" name="addCustomerTest" time="2.585"/>
  <testcase classname="testcases.addCustomerTest" name="addCustomerTest" time="1.81"/>
  <testcase classname="testcases.addCustomerTest" name="addCustomerTest" time="1.784"/>
  <testcase classname="testcases.addCustomerTest" name="addCustomerTest" time="1.84"/>
  <testcase classname="testcases.addCustomerTest" name="addCustomerTest" time="1.812"/>
  <testcase classname="testcases.addCustomerTest" name="addCustomerTest" time="2.203"/>
  <testcase classname="testcases.addCustomerTest" name="addCustomerTest" time="1.93"/>
  <testcase classname="testcases.addCustomerTest" name="addCustomerTest" time="1.825"/>
  <testcase classname="testcases.addCustomerTest" name="addCustomerTest" time="1.581"/>
  <testcase classname="testcases.addCustomerTest" name="addCustomerTest" time="1.577"/>
  <testcase classname="testcases.addCustomerTest" name="addCustomerTest" time="1.684"/>
  <testcase classname="testcases.addCustomerTest" name="addCustomerTest" time="1.615"/>
  <testcase classname="testcases.addCustomerTest" name="addCustomerTest" time="1.66"/>
  <testcase classname="testcases.addCustomerTest" name="addCustomerTest" time="1.862"/>
  <testcase classname="testcases.addCustomerTest" name="addCustomerTest" time="1.788"/>
  <testcase classname="testcases.addCustomerTest" name="addCustomerTest" time="1.534"/>
  <testcase classname="testcases.addCustomerTest" name="addCustomerTest" time="1.707"/>
  <testcase classname="testcases.addCustomerTest" name="addCustomerTest" time="1.498"/>
  <testcase classname="testcases.addCustomerTest" name="addCustomerTest" time="1.714"/>
  <testcase classname="testcases.addCustomerTest" name="addCustomerTest" time="1.476"/>
  <testcase classname="testcases.addCustomerTest" name="addCustomerTest" time="1.52"/>
  <testcase classname="testcases.addCustomerTest" name="addCustomerTest" time="1.342"/>
  <testcase classname="testcases.OpenAccountTest" name="openAccountForExistingCustomers" time="1.437"/>
  <testcase classname="testcases.addCustomerTest" name="screenshotValidationAmeo" time="0.04">
    <skipped/>
  </testcase> <!-- screenshotValidationAmeo -->
  <testcase classname="base.BaseTest" name="@AfterSuite tearDown" time="0.0">
    <ignored/>
  </testcase> <!-- @AfterSuite tearDown -->
</testsuite> <!-- manager  -->
